<?xml version="1.0" encoding="UTF-8"?>
<!-- Generated by org.testng.reporters.JUnitReportReporter -->
<testsuite hostname="Alexanders-MacBook-Pro-3.local" name="com.testNG.animals.AnimalTest" tests="1" failures="0" timestamp="3 Jun 2016 14:45:34 GMT" time="0.010" errors="0">
  <testcase name="test1" time="0.010" classname="com.testNG.animals.AnimalTest"/>
</testsuite> <!-- com.testNG.animals.AnimalTest -->
