<?xml version="1.0" encoding="UTF-8"?>
<!-- Generated by org.testng.reporters.JUnitReportReporter -->
<testsuite hostname="Alexanders-MacBook-Pro-3.local" name="com.javacodegeeks.testng.maven.TestNgMavenExample" tests="1" failures="0" timestamp="2 Jun 2016 19:32:32 GMT" time="0.017" errors="0">
  <testcase name="exampleOfTestNgMaven" time="0.017" classname="com.javacodegeeks.testng.maven.TestNgMavenExample"/>
</testsuite> <!-- com.javacodegeeks.testng.maven.TestNgMavenExample -->
